Analysis & Synthesis report for PongGame_Board1
Sat May 05 01:55:11 2018
Quartus II 64-Bit Version 15.0.2 Build 153 07/15/2015 SJ Web Edition


---------------------
; Table of Contents ;
---------------------
  1. Legal Notice
  2. Analysis & Synthesis Summary
  3. Analysis & Synthesis Settings
  4. Parallel Compilation
  5. Analysis & Synthesis Source Files Read
  6. Analysis & Synthesis Resource Usage Summary
  7. Analysis & Synthesis Resource Utilization by Entity
  8. Registers Removed During Synthesis
  9. General Register Statistics
 10. Inverted Register Statistics
 11. Multiplexer Restructuring Statistics (Restructuring Performed)
 12. Parameter Settings for User Entity Instance: DrawBorder:Enviro
 13. Parameter Settings for User Entity Instance: DrawFillBox:Ball
 14. Parameter Settings for User Entity Instance: GameDynamics:playGame
 15. Parameter Settings for User Entity Instance: DrawFillBox:players[0].playerPaddle
 16. Parameter Settings for User Entity Instance: PlayerMovement:players[0].playerControl
 17. Parameter Settings for User Entity Instance: DrawFillBox:players[1].playerPaddle
 18. Parameter Settings for User Entity Instance: PlayerMovement:players[1].playerControl
 19. Parameter Settings for User Entity Instance: FrequencyDivider:theclocks[0].getTheClocks
 20. Parameter Settings for User Entity Instance: FrequencyDivider:theclocks[1].getTheClocks
 21. Parameter Settings for User Entity Instance: FrequencyDivider:theclocks[2].getTheClocks
 22. Parameter Settings for User Entity Instance: FrequencyDivider:theclocks[3].getTheClocks
 23. Parameter Settings for User Entity Instance: HexTo7Seg:player1
 24. Port Connectivity Checks: "DrawFillBox:players[1].playerPaddle"
 25. Port Connectivity Checks: "DrawFillBox:players[0].playerPaddle"
 26. Port Connectivity Checks: "DrawFillBox:Ball"
 27. Port Connectivity Checks: "DrawBorder:Enviro"
 28. Post-Synthesis Netlist Statistics for Top Partition
 29. Elapsed Time Per Partition
 30. Analysis & Synthesis Messages



----------------
; Legal Notice ;
----------------
Copyright (C) 1991-2015 Altera Corporation. All rights reserved.
Your use of Altera Corporation's design tools, logic functions 
and other software and tools, and its AMPP partner logic 
functions, and any output files from any of the foregoing 
(including device programming or simulation files), and any 
associated documentation or information are expressly subject 
to the terms and conditions of the Altera Program License 
Subscription Agreement, the Altera Quartus II License Agreement,
the Altera MegaCore Function License Agreement, or other 
applicable license agreement, including, without limitation, 
that your use is for the sole purpose of programming logic 
devices manufactured by Altera and sold by Altera or its 
authorized distributors.  Please refer to the applicable 
agreement for further details.



+------------------------------------------------------------------------------+
; Analysis & Synthesis Summary                                                 ;
+---------------------------------+--------------------------------------------+
; Analysis & Synthesis Status     ; Successful - Sat May 05 01:55:11 2018      ;
; Quartus II 64-Bit Version       ; 15.0.2 Build 153 07/15/2015 SJ Web Edition ;
; Revision Name                   ; PongGame_Board1                            ;
; Top-level Entity Name           ; PongGame_Board1                            ;
; Family                          ; Cyclone V                                  ;
; Logic utilization (in ALMs)     ; N/A                                        ;
; Total registers                 ; 228                                        ;
; Total pins                      ; 75                                         ;
; Total virtual pins              ; 0                                          ;
; Total block memory bits         ; 0                                          ;
; Total DSP Blocks                ; 0                                          ;
; Total HSSI RX PCSs              ; 0                                          ;
; Total HSSI PMA RX Deserializers ; 0                                          ;
; Total HSSI TX PCSs              ; 0                                          ;
; Total HSSI PMA TX Serializers   ; 0                                          ;
; Total PLLs                      ; 0                                          ;
; Total DLLs                      ; 0                                          ;
+---------------------------------+--------------------------------------------+


+---------------------------------------------------------------------------------------------------------------------------+
; Analysis & Synthesis Settings                                                                                             ;
+---------------------------------------------------------------------------------+--------------------+--------------------+
; Option                                                                          ; Setting            ; Default Value      ;
+---------------------------------------------------------------------------------+--------------------+--------------------+
; Device                                                                          ; 5CSEMA5F31C6       ;                    ;
; Top-level entity name                                                           ; PongGame_Board1    ; PongGame_Board1    ;
; Family name                                                                     ; Cyclone V          ; Cyclone V          ;
; Use smart compilation                                                           ; Off                ; Off                ;
; Enable parallel Assembler and TimeQuest Timing Analyzer during compilation      ; On                 ; On                 ;
; Enable compact report table                                                     ; Off                ; Off                ;
; Restructure Multiplexers                                                        ; Auto               ; Auto               ;
; MLAB Add Timing Constraints For Mixed-Port Feed-Through Mode Setting Don't Care ; Off                ; Off                ;
; Create Debugging Nodes for IP Cores                                             ; Off                ; Off                ;
; Preserve fewer node names                                                       ; On                 ; On                 ;
; Disable OpenCore Plus hardware evaluation                                       ; Off                ; Off                ;
; Verilog Version                                                                 ; Verilog_2001       ; Verilog_2001       ;
; VHDL Version                                                                    ; VHDL_1993          ; VHDL_1993          ;
; State Machine Processing                                                        ; Auto               ; Auto               ;
; Safe State Machine                                                              ; Off                ; Off                ;
; Extract Verilog State Machines                                                  ; On                 ; On                 ;
; Extract VHDL State Machines                                                     ; On                 ; On                 ;
; Ignore Verilog initial constructs                                               ; Off                ; Off                ;
; Iteration limit for constant Verilog loops                                      ; 5000               ; 5000               ;
; Iteration limit for non-constant Verilog loops                                  ; 250                ; 250                ;
; Add Pass-Through Logic to Inferred RAMs                                         ; On                 ; On                 ;
; Infer RAMs from Raw Logic                                                       ; On                 ; On                 ;
; Parallel Synthesis                                                              ; On                 ; On                 ;
; DSP Block Balancing                                                             ; Auto               ; Auto               ;
; NOT Gate Push-Back                                                              ; On                 ; On                 ;
; Power-Up Don't Care                                                             ; On                 ; On                 ;
; Remove Redundant Logic Cells                                                    ; Off                ; Off                ;
; Remove Duplicate Registers                                                      ; On                 ; On                 ;
; Ignore CARRY Buffers                                                            ; Off                ; Off                ;
; Ignore CASCADE Buffers                                                          ; Off                ; Off                ;
; Ignore GLOBAL Buffers                                                           ; Off                ; Off                ;
; Ignore ROW GLOBAL Buffers                                                       ; Off                ; Off                ;
; Ignore LCELL Buffers                                                            ; Off                ; Off                ;
; Ignore SOFT Buffers                                                             ; On                 ; On                 ;
; Limit AHDL Integers to 32 Bits                                                  ; Off                ; Off                ;
; Optimization Technique                                                          ; Balanced           ; Balanced           ;
; Carry Chain Length                                                              ; 70                 ; 70                 ;
; Auto Carry Chains                                                               ; On                 ; On                 ;
; Auto Open-Drain Pins                                                            ; On                 ; On                 ;
; Perform WYSIWYG Primitive Resynthesis                                           ; Off                ; Off                ;
; Auto ROM Replacement                                                            ; On                 ; On                 ;
; Auto RAM Replacement                                                            ; On                 ; On                 ;
; Auto DSP Block Replacement                                                      ; On                 ; On                 ;
; Auto Shift Register Replacement                                                 ; Auto               ; Auto               ;
; Allow Shift Register Merging across Hierarchies                                 ; Auto               ; Auto               ;
; Auto Clock Enable Replacement                                                   ; On                 ; On                 ;
; Strict RAM Replacement                                                          ; Off                ; Off                ;
; Allow Synchronous Control Signals                                               ; On                 ; On                 ;
; Force Use of Synchronous Clear Signals                                          ; Off                ; Off                ;
; Auto Resource Sharing                                                           ; Off                ; Off                ;
; Allow Any RAM Size For Recognition                                              ; Off                ; Off                ;
; Allow Any ROM Size For Recognition                                              ; Off                ; Off                ;
; Allow Any Shift Register Size For Recognition                                   ; Off                ; Off                ;
; Use LogicLock Constraints during Resource Balancing                             ; On                 ; On                 ;
; Ignore translate_off and synthesis_off directives                               ; Off                ; Off                ;
; Timing-Driven Synthesis                                                         ; On                 ; On                 ;
; Report Parameter Settings                                                       ; On                 ; On                 ;
; Report Source Assignments                                                       ; On                 ; On                 ;
; Report Connectivity Checks                                                      ; On                 ; On                 ;
; Ignore Maximum Fan-Out Assignments                                              ; Off                ; Off                ;
; Synchronization Register Chain Length                                           ; 3                  ; 3                  ;
; PowerPlay Power Optimization During Synthesis                                   ; Normal compilation ; Normal compilation ;
; HDL message level                                                               ; Level2             ; Level2             ;
; Suppress Register Optimization Related Messages                                 ; Off                ; Off                ;
; Number of Removed Registers Reported in Synthesis Report                        ; 5000               ; 5000               ;
; Number of Swept Nodes Reported in Synthesis Report                              ; 5000               ; 5000               ;
; Number of Inverted Registers Reported in Synthesis Report                       ; 100                ; 100                ;
; Clock MUX Protection                                                            ; On                 ; On                 ;
; Auto Gated Clock Conversion                                                     ; Off                ; Off                ;
; Block Design Naming                                                             ; Auto               ; Auto               ;
; SDC constraint protection                                                       ; Off                ; Off                ;
; Synthesis Effort                                                                ; Auto               ; Auto               ;
; Shift Register Replacement - Allow Asynchronous Clear Signal                    ; On                 ; On                 ;
; Pre-Mapping Resynthesis Optimization                                            ; Off                ; Off                ;
; Analysis & Synthesis Message Level                                              ; Medium             ; Medium             ;
; Disable Register Merging Across Hierarchies                                     ; Auto               ; Auto               ;
; Resource Aware Inference For Block RAM                                          ; On                 ; On                 ;
; Synthesis Seed                                                                  ; 1                  ; 1                  ;
; Automatic Parallel Synthesis                                                    ; On                 ; On                 ;
; Partial Reconfiguration Bitstream ID                                            ; Off                ; Off                ;
+---------------------------------------------------------------------------------+--------------------+--------------------+


Parallel compilation was disabled, but you have multiple processors available. Enable parallel compilation to reduce compilation time.
+-------------------------------------+
; Parallel Compilation                ;
+----------------------------+--------+
; Processors                 ; Number ;
+----------------------------+--------+
; Number detected on machine ; 4      ;
; Maximum allowed            ; 1      ;
+----------------------------+--------+


+----------------------------------------------------------------------------------------------------------------------------------------------------------------------------------------+
; Analysis & Synthesis Source Files Read                                                                                                                                                 ;
+----------------------------------+-----------------+------------------------------+------------------------------------------------------------------------------------------+---------+
; File Name with User-Entered Path ; Used in Netlist ; File Type                    ; File Name with Absolute Path                                                             ; Library ;
+----------------------------------+-----------------+------------------------------+------------------------------------------------------------------------------------------+---------+
; OtherModules/ScoreToLed.v        ; yes             ; User Verilog HDL File        ; C:/Users/Azeem/Documents/FPGA_Workspace/PongGame_Board1/OtherModules/ScoreToLed.v        ;         ;
; OtherModules/HexTo7Seg.v         ; yes             ; User Verilog HDL File        ; C:/Users/Azeem/Documents/FPGA_Workspace/PongGame_Board1/OtherModules/HexTo7Seg.v         ;         ;
; OtherModules/FrequencyDivider.v  ; yes             ; User Verilog HDL File        ; C:/Users/Azeem/Documents/FPGA_Workspace/PongGame_Board1/OtherModules/FrequencyDivider.v  ;         ;
; DynamicsModules/PlayerMovement.v ; yes             ; User Verilog HDL File        ; C:/Users/Azeem/Documents/FPGA_Workspace/PongGame_Board1/DynamicsModules/PlayerMovement.v ;         ;
; DynamicsModules/GameDynamics.v   ; yes             ; User Verilog HDL File        ; C:/Users/Azeem/Documents/FPGA_Workspace/PongGame_Board1/DynamicsModules/GameDynamics.v   ;         ;
; DisplayModules/WinScene.v        ; yes             ; User Verilog HDL File        ; C:/Users/Azeem/Documents/FPGA_Workspace/PongGame_Board1/DisplayModules/WinScene.v        ;         ;
; DisplayModules/VGA_Controller.v  ; yes             ; User Verilog HDL File        ; C:/Users/Azeem/Documents/FPGA_Workspace/PongGame_Board1/DisplayModules/VGA_Controller.v  ;         ;
; DisplayModules/DrawFillBox.v     ; yes             ; User Verilog HDL File        ; C:/Users/Azeem/Documents/FPGA_Workspace/PongGame_Board1/DisplayModules/DrawFillBox.v     ;         ;
; DisplayModules/DrawBorder.v      ; yes             ; User Verilog HDL File        ; C:/Users/Azeem/Documents/FPGA_Workspace/PongGame_Board1/DisplayModules/DrawBorder.v      ;         ;
; PongGame_Board1.sv               ; yes             ; User SystemVerilog HDL File  ; C:/Users/Azeem/Documents/FPGA_Workspace/PongGame_Board1/PongGame_Board1.sv               ;         ;
+----------------------------------+-----------------+------------------------------+------------------------------------------------------------------------------------------+---------+


+-----------------------------------------------------------+
; Analysis & Synthesis Resource Usage Summary               ;
+---------------------------------------------+-------------+
; Resource                                    ; Usage       ;
+---------------------------------------------+-------------+
; Estimate of Logic utilization (ALMs needed) ; 382         ;
;                                             ;             ;
; Combinational ALUT usage for logic          ; 605         ;
;     -- 7 input functions                    ; 5           ;
;     -- 6 input functions                    ; 151         ;
;     -- 5 input functions                    ; 85          ;
;     -- 4 input functions                    ; 103         ;
;     -- <=3 input functions                  ; 261         ;
;                                             ;             ;
; Dedicated logic registers                   ; 228         ;
;                                             ;             ;
; I/O pins                                    ; 75          ;
;                                             ;             ;
; Total DSP Blocks                            ; 0           ;
;                                             ;             ;
; Maximum fan-out node                        ; clock~input ;
; Maximum fan-out                             ; 100         ;
; Total fan-out                               ; 3149        ;
; Average fan-out                             ; 3.20        ;
+---------------------------------------------+-------------+


+------------------------------------------------------------------------------------------------------------------------------------------------------------------------------------------------------------------------+
; Analysis & Synthesis Resource Utilization by Entity                                                                                                                                                                    ;
+-------------------------------------------------+-------------------+--------------+-------------------+------------+------+--------------+-------------------------------------------------------------+--------------+
; Compilation Hierarchy Node                      ; LC Combinationals ; LC Registers ; Block Memory Bits ; DSP Blocks ; Pins ; Virtual Pins ; Full Hierarchy Name                                         ; Library Name ;
+-------------------------------------------------+-------------------+--------------+-------------------+------------+------+--------------+-------------------------------------------------------------+--------------+
; |PongGame_Board1                                ; 605 (1)           ; 228 (0)      ; 0                 ; 0          ; 75   ; 0            ; |PongGame_Board1                                            ; work         ;
;    |DrawBorder:Enviro|                          ; 13 (13)           ; 1 (1)        ; 0                 ; 0          ; 0    ; 0            ; |PongGame_Board1|DrawBorder:Enviro                          ; work         ;
;    |DrawFillBox:Ball|                           ; 49 (49)           ; 1 (1)        ; 0                 ; 0          ; 0    ; 0            ; |PongGame_Board1|DrawFillBox:Ball                           ; work         ;
;    |DrawFillBox:players[0].playerPaddle|        ; 25 (25)           ; 3 (3)        ; 0                 ; 0          ; 0    ; 0            ; |PongGame_Board1|DrawFillBox:players[0].playerPaddle        ; work         ;
;    |DrawFillBox:players[1].playerPaddle|        ; 23 (23)           ; 3 (3)        ; 0                 ; 0          ; 0    ; 0            ; |PongGame_Board1|DrawFillBox:players[1].playerPaddle        ; work         ;
;    |FrequencyDivider:theclocks[0].getTheClocks| ; 1 (1)             ; 1 (1)        ; 0                 ; 0          ; 0    ; 0            ; |PongGame_Board1|FrequencyDivider:theclocks[0].getTheClocks ; work         ;
;    |FrequencyDivider:theclocks[1].getTheClocks| ; 40 (40)           ; 33 (33)      ; 0                 ; 0          ; 0    ; 0            ; |PongGame_Board1|FrequencyDivider:theclocks[1].getTheClocks ; work         ;
;    |FrequencyDivider:theclocks[2].getTheClocks| ; 42 (42)           ; 33 (33)      ; 0                 ; 0          ; 0    ; 0            ; |PongGame_Board1|FrequencyDivider:theclocks[2].getTheClocks ; work         ;
;    |FrequencyDivider:theclocks[3].getTheClocks| ; 41 (41)           ; 33 (33)      ; 0                 ; 0          ; 0    ; 0            ; |PongGame_Board1|FrequencyDivider:theclocks[3].getTheClocks ; work         ;
;    |GameDynamics:playGame|                      ; 179 (179)         ; 30 (30)      ; 0                 ; 0          ; 0    ; 0            ; |PongGame_Board1|GameDynamics:playGame                      ; work         ;
;    |HexTo7Seg:player1|                          ; 8 (8)             ; 0 (0)        ; 0                 ; 0          ; 0    ; 0            ; |PongGame_Board1|HexTo7Seg:player1                          ; work         ;
;    |PlayerMovement:players[0].playerControl|    ; 26 (26)           ; 10 (10)      ; 0                 ; 0          ; 0    ; 0            ; |PongGame_Board1|PlayerMovement:players[0].playerControl    ; work         ;
;    |PlayerMovement:players[1].playerControl|    ; 26 (26)           ; 10 (10)      ; 0                 ; 0          ; 0    ; 0            ; |PongGame_Board1|PlayerMovement:players[1].playerControl    ; work         ;
;    |ScoreToLed:p0_scoreled|                     ; 9 (9)             ; 0 (0)        ; 0                 ; 0          ; 0    ; 0            ; |PongGame_Board1|ScoreToLed:p0_scoreled                     ; work         ;
;    |VGA_Controller:display|                     ; 49 (49)           ; 67 (67)      ; 0                 ; 0          ; 0    ; 0            ; |PongGame_Board1|VGA_Controller:display                     ; work         ;
;    |WinScene:gameEnd|                           ; 73 (73)           ; 3 (3)        ; 0                 ; 0          ; 0    ; 0            ; |PongGame_Board1|WinScene:gameEnd                           ; work         ;
+-------------------------------------------------+-------------------+--------------+-------------------+------------+------+--------------+-------------------------------------------------------------+--------------+
Note: For table entries with two numbers listed, the numbers in parentheses indicate the number of resources of the given type used by the specific entity alone. The numbers listed outside of parentheses indicate the total resources of the given type used by the specific entity and all of its sub-entities in the hierarchy.


+-----------------------------------------------------------------------------------------------------------------------------+
; Registers Removed During Synthesis                                                                                          ;
+------------------------------------------------------------+----------------------------------------------------------------+
; Register name                                              ; Reason for Removal                                             ;
+------------------------------------------------------------+----------------------------------------------------------------+
; DrawFillBox:Ball|colour_RGB[1..23]                         ; Merged with DrawFillBox:Ball|colour_RGB[0]                     ;
; DrawBorder:Enviro|colour_RGB[1..23]                        ; Merged with DrawBorder:Enviro|colour_RGB[0]                    ;
; DrawFillBox:players[0].playerPaddle|colour_RGB[17..23]     ; Merged with DrawFillBox:players[0].playerPaddle|colour_RGB[16] ;
; DrawFillBox:players[1].playerPaddle|colour_RGB[17..23]     ; Merged with DrawFillBox:players[1].playerPaddle|colour_RGB[16] ;
; WinScene:gameEnd|colour_RGB[17..23]                        ; Merged with WinScene:gameEnd|colour_RGB[16]                    ;
; DrawFillBox:players[0].playerPaddle|colour_RGB[8,9,11..15] ; Merged with DrawFillBox:players[0].playerPaddle|colour_RGB[10] ;
; DrawFillBox:players[1].playerPaddle|colour_RGB[8,9,11..15] ; Merged with DrawFillBox:players[1].playerPaddle|colour_RGB[10] ;
; WinScene:gameEnd|colour_RGB[8,9,11..15]                    ; Merged with WinScene:gameEnd|colour_RGB[10]                    ;
; DrawFillBox:players[0].playerPaddle|colour_RGB[1..7]       ; Merged with DrawFillBox:players[0].playerPaddle|colour_RGB[0]  ;
; DrawFillBox:players[1].playerPaddle|colour_RGB[1..7]       ; Merged with DrawFillBox:players[1].playerPaddle|colour_RGB[0]  ;
; WinScene:gameEnd|colour_RGB[1..7]                          ; Merged with WinScene:gameEnd|colour_RGB[0]                     ;
; FrequencyDivider:theclocks[0].getTheClocks|counter[0..31]  ; Lost fanout                                                    ;
; Total Number of Removed Registers = 141                    ;                                                                ;
+------------------------------------------------------------+----------------------------------------------------------------+


+------------------------------------------------------+
; General Register Statistics                          ;
+----------------------------------------------+-------+
; Statistic                                    ; Value ;
+----------------------------------------------+-------+
; Total registers                              ; 228   ;
; Number of registers using Synchronous Clear  ; 136   ;
; Number of registers using Synchronous Load   ; 0     ;
; Number of registers using Asynchronous Clear ; 47    ;
; Number of registers using Asynchronous Load  ; 0     ;
; Number of registers using Clock Enable       ; 55    ;
; Number of registers using Preset             ; 0     ;
+----------------------------------------------+-------+


+-----------------------------------------------------------+
; Inverted Register Statistics                              ;
+-------------------------------------------------+---------+
; Inverted Register                               ; Fan out ;
+-------------------------------------------------+---------+
; PlayerMovement:players[1].playerControl|yPos[7] ; 14      ;
; PlayerMovement:players[1].playerControl|yPos[6] ; 19      ;
; PlayerMovement:players[1].playerControl|yPos[5] ; 31      ;
; PlayerMovement:players[1].playerControl|yPos[2] ; 9       ;
; PlayerMovement:players[1].playerControl|yPos[0] ; 5       ;
; GameDynamics:playGame|ballYpos[1]               ; 8       ;
; GameDynamics:playGame|ballYpos[2]               ; 10      ;
; GameDynamics:playGame|ballYpos[6]               ; 15      ;
; GameDynamics:playGame|ballYpos[5]               ; 15      ;
; GameDynamics:playGame|ballYpos[7]               ; 13      ;
; GameDynamics:playGame|ballXpos[8]               ; 6       ;
; GameDynamics:playGame|ballXpos[5]               ; 7       ;
; GameDynamics:playGame|ballXpos[4]               ; 8       ;
; GameDynamics:playGame|ballXpos[2]               ; 6       ;
; GameDynamics:playGame|ballXpos[1]               ; 6       ;
; PlayerMovement:players[0].playerControl|yPos[7] ; 10      ;
; PlayerMovement:players[0].playerControl|yPos[6] ; 17      ;
; PlayerMovement:players[0].playerControl|yPos[5] ; 28      ;
; PlayerMovement:players[0].playerControl|yPos[2] ; 8       ;
; PlayerMovement:players[0].playerControl|yPos[0] ; 5       ;
; Total number of inverted registers = 20         ;         ;
+-------------------------------------------------+---------+


+--------------------------------------------------------------------------------------------------------------------------------------------------------------------------------+
; Multiplexer Restructuring Statistics (Restructuring Performed)                                                                                                                 ;
+--------------------+-----------+---------------+----------------------+------------------------+------------+------------------------------------------------------------------+
; Multiplexer Inputs ; Bus Width ; Baseline Area ; Area if Restructured ; Saving if Restructured ; Registered ; Example Multiplexer Output                                       ;
+--------------------+-----------+---------------+----------------------+------------------------+------------+------------------------------------------------------------------+
; 4:1                ; 2 bits    ; 4 LEs         ; 4 LEs                ; 0 LEs                  ; Yes        ; |PongGame_Board1|WinScene:gameEnd|colour_RGB[0]                  ;
; 4:1                ; 5 bits    ; 10 LEs        ; 10 LEs               ; 0 LEs                  ; Yes        ; |PongGame_Board1|GameDynamics:playGame|ballYpos[9]               ;
; 5:1                ; 5 bits    ; 15 LEs        ; 10 LEs               ; 5 LEs                  ; Yes        ; |PongGame_Board1|PlayerMovement:players[1].playerControl|yPos[9] ;
; 5:1                ; 5 bits    ; 15 LEs        ; 10 LEs               ; 5 LEs                  ; Yes        ; |PongGame_Board1|PlayerMovement:players[0].playerControl|yPos[9] ;
; 6:1                ; 4 bits    ; 16 LEs        ; 4 LEs                ; 12 LEs                 ; Yes        ; |PongGame_Board1|GameDynamics:playGame|p0_score[3]               ;
; 6:1                ; 4 bits    ; 16 LEs        ; 4 LEs                ; 12 LEs                 ; Yes        ; |PongGame_Board1|GameDynamics:playGame|p1_score[2]               ;
; 6:1                ; 3 bits    ; 12 LEs        ; 9 LEs                ; 3 LEs                  ; Yes        ; |PongGame_Board1|GameDynamics:playGame|ballXpos[3]               ;
; 6:1                ; 2 bits    ; 8 LEs         ; 6 LEs                ; 2 LEs                  ; Yes        ; |PongGame_Board1|GameDynamics:playGame|ballXpos[9]               ;
; 4:1                ; 5 bits    ; 10 LEs        ; 10 LEs               ; 0 LEs                  ; Yes        ; |PongGame_Board1|GameDynamics:playGame|ballYpos[6]               ;
; 5:1                ; 5 bits    ; 15 LEs        ; 10 LEs               ; 5 LEs                  ; Yes        ; |PongGame_Board1|PlayerMovement:players[1].playerControl|yPos[5] ;
; 5:1                ; 5 bits    ; 15 LEs        ; 10 LEs               ; 5 LEs                  ; Yes        ; |PongGame_Board1|PlayerMovement:players[0].playerControl|yPos[6] ;
; 6:1                ; 2 bits    ; 8 LEs         ; 6 LEs                ; 2 LEs                  ; Yes        ; |PongGame_Board1|GameDynamics:playGame|ballXpos[1]               ;
; 6:1                ; 2 bits    ; 8 LEs         ; 6 LEs                ; 2 LEs                  ; Yes        ; |PongGame_Board1|GameDynamics:playGame|ballXpos[2]               ;
+--------------------+-----------+---------------+----------------------+------------------------+------------+------------------------------------------------------------------+


+----------------------------------------------------------------+
; Parameter Settings for User Entity Instance: DrawBorder:Enviro ;
+----------------+--------------------------+--------------------+
; Parameter Name ; Value                    ; Type               ;
+----------------+--------------------------+--------------------+
; X1             ; 0000001010               ; Unsigned Binary    ;
; Y1             ; 0000010100               ; Unsigned Binary    ;
; X2             ; 1001110110               ; Unsigned Binary    ;
; Y2             ; 0111001100               ; Unsigned Binary    ;
; COLOUR         ; 111111111111111111111111 ; Unsigned Binary    ;
+----------------+--------------------------+--------------------+
Note: In order to hide this table in the UI and the text report file, please set the "Show Parameter Settings in Synthesis Report" option in "Analysis and Synthesis Settings -> More Settings" to "Off".


+---------------------------------------------------------------+
; Parameter Settings for User Entity Instance: DrawFillBox:Ball ;
+----------------+-------+--------------------------------------+
; Parameter Name ; Value ; Type                                 ;
+----------------+-------+--------------------------------------+
; WIDTH          ; 15    ; Signed Integer                       ;
; HEIGHT         ; 20    ; Signed Integer                       ;
+----------------+-------+--------------------------------------+
Note: In order to hide this table in the UI and the text report file, please set the "Show Parameter Settings in Synthesis Report" option in "Analysis and Synthesis Settings -> More Settings" to "Off".


+---------------------------------------------------------------------+
; Parameter Settings for User Entity Instance: GameDynamics:playGame  ;
+----------------+----------------------------------+-----------------+
; Parameter Name ; Value                            ; Type            ;
+----------------+----------------------------------+-----------------+
; INIT_XPOS      ; 0100110110                       ; Unsigned Binary ;
; INIT_YPOS      ; 0011100110                       ; Unsigned Binary ;
; MIN_YPOS       ; 0000010101                       ; Unsigned Binary ;
; MAX_YPOS       ; 00000000000000000000000110110111 ; Unsigned Binary ;
; MIN_XPOS       ; 00000000000000000000000000010000 ; Unsigned Binary ;
; MAX_XPOS       ; 00000000000000000000001001100010 ; Unsigned Binary ;
; PLAYER_H       ; 80                               ; Signed Integer  ;
; BALL_H         ; 20                               ; Signed Integer  ;
+----------------+----------------------------------+-----------------+
Note: In order to hide this table in the UI and the text report file, please set the "Show Parameter Settings in Synthesis Report" option in "Analysis and Synthesis Settings -> More Settings" to "Off".


+----------------------------------------------------------------------------------+
; Parameter Settings for User Entity Instance: DrawFillBox:players[0].playerPaddle ;
+----------------+-------+---------------------------------------------------------+
; Parameter Name ; Value ; Type                                                    ;
+----------------+-------+---------------------------------------------------------+
; WIDTH          ; 5     ; Signed Integer                                          ;
; HEIGHT         ; 80    ; Signed Integer                                          ;
+----------------+-------+---------------------------------------------------------+
Note: In order to hide this table in the UI and the text report file, please set the "Show Parameter Settings in Synthesis Report" option in "Analysis and Synthesis Settings -> More Settings" to "Off".


+--------------------------------------------------------------------------------------+
; Parameter Settings for User Entity Instance: PlayerMovement:players[0].playerControl ;
+----------------+----------------------------------+----------------------------------+
; Parameter Name ; Value                            ; Type                             ;
+----------------+----------------------------------+----------------------------------+
; INIT_YPOS      ; 0011100101                       ; Unsigned Binary                  ;
; MAX_YPOS       ; 00000000000000000000000101111011 ; Unsigned Binary                  ;
; MIN_YPOS       ; 0000010101                       ; Unsigned Binary                  ;
+----------------+----------------------------------+----------------------------------+
Note: In order to hide this table in the UI and the text report file, please set the "Show Parameter Settings in Synthesis Report" option in "Analysis and Synthesis Settings -> More Settings" to "Off".


+----------------------------------------------------------------------------------+
; Parameter Settings for User Entity Instance: DrawFillBox:players[1].playerPaddle ;
+----------------+-------+---------------------------------------------------------+
; Parameter Name ; Value ; Type                                                    ;
+----------------+-------+---------------------------------------------------------+
; WIDTH          ; 5     ; Signed Integer                                          ;
; HEIGHT         ; 80    ; Signed Integer                                          ;
+----------------+-------+---------------------------------------------------------+
Note: In order to hide this table in the UI and the text report file, please set the "Show Parameter Settings in Synthesis Report" option in "Analysis and Synthesis Settings -> More Settings" to "Off".


+--------------------------------------------------------------------------------------+
; Parameter Settings for User Entity Instance: PlayerMovement:players[1].playerControl ;
+----------------+----------------------------------+----------------------------------+
; Parameter Name ; Value                            ; Type                             ;
+----------------+----------------------------------+----------------------------------+
; INIT_YPOS      ; 0011100101                       ; Unsigned Binary                  ;
; MAX_YPOS       ; 00000000000000000000000101111011 ; Unsigned Binary                  ;
; MIN_YPOS       ; 0000010101                       ; Unsigned Binary                  ;
+----------------+----------------------------------+----------------------------------+
Note: In order to hide this table in the UI and the text report file, please set the "Show Parameter Settings in Synthesis Report" option in "Analysis and Synthesis Settings -> More Settings" to "Off".


+-----------------------------------------------------------------------------------------+
; Parameter Settings for User Entity Instance: FrequencyDivider:theclocks[0].getTheClocks ;
+----------------+----------+-------------------------------------------------------------+
; Parameter Name ; Value    ; Type                                                        ;
+----------------+----------+-------------------------------------------------------------+
; IN_CLOCK_FREQ  ; 50000000 ; Signed Integer                                              ;
; OUT_CLOCK_FREQ ; 25000000 ; Signed Integer                                              ;
+----------------+----------+-------------------------------------------------------------+
Note: In order to hide this table in the UI and the text report file, please set the "Show Parameter Settings in Synthesis Report" option in "Analysis and Synthesis Settings -> More Settings" to "Off".


+-----------------------------------------------------------------------------------------+
; Parameter Settings for User Entity Instance: FrequencyDivider:theclocks[1].getTheClocks ;
+----------------+----------+-------------------------------------------------------------+
; Parameter Name ; Value    ; Type                                                        ;
+----------------+----------+-------------------------------------------------------------+
; IN_CLOCK_FREQ  ; 50000000 ; Signed Integer                                              ;
; OUT_CLOCK_FREQ ; 250      ; Signed Integer                                              ;
+----------------+----------+-------------------------------------------------------------+
Note: In order to hide this table in the UI and the text report file, please set the "Show Parameter Settings in Synthesis Report" option in "Analysis and Synthesis Settings -> More Settings" to "Off".


+-----------------------------------------------------------------------------------------+
; Parameter Settings for User Entity Instance: FrequencyDivider:theclocks[2].getTheClocks ;
+----------------+----------+-------------------------------------------------------------+
; Parameter Name ; Value    ; Type                                                        ;
+----------------+----------+-------------------------------------------------------------+
; IN_CLOCK_FREQ  ; 50000000 ; Signed Integer                                              ;
; OUT_CLOCK_FREQ ; 200      ; Signed Integer                                              ;
+----------------+----------+-------------------------------------------------------------+
Note: In order to hide this table in the UI and the text report file, please set the "Show Parameter Settings in Synthesis Report" option in "Analysis and Synthesis Settings -> More Settings" to "Off".


+-----------------------------------------------------------------------------------------+
; Parameter Settings for User Entity Instance: FrequencyDivider:theclocks[3].getTheClocks ;
+----------------+----------+-------------------------------------------------------------+
; Parameter Name ; Value    ; Type                                                        ;
+----------------+----------+-------------------------------------------------------------+
; IN_CLOCK_FREQ  ; 50000000 ; Signed Integer                                              ;
; OUT_CLOCK_FREQ ; 100      ; Signed Integer                                              ;
+----------------+----------+-------------------------------------------------------------+
Note: In order to hide this table in the UI and the text report file, please set the "Show Parameter Settings in Synthesis Report" option in "Analysis and Synthesis Settings -> More Settings" to "Off".


+----------------------------------------------------------------+
; Parameter Settings for User Entity Instance: HexTo7Seg:player1 ;
+----------------+-------+---------------------------------------+
; Parameter Name ; Value ; Type                                  ;
+----------------+-------+---------------------------------------+
; INVERT_OUTPUT  ; 1     ; Signed Integer                        ;
+----------------+-------+---------------------------------------+
Note: In order to hide this table in the UI and the text report file, please set the "Show Parameter Settings in Synthesis Report" option in "Analysis and Synthesis Settings -> More Settings" to "Off".


+-----------------------------------------------------------------+
; Port Connectivity Checks: "DrawFillBox:players[1].playerPaddle" ;
+------------+-------+----------+---------------------------------+
; Port       ; Type  ; Severity ; Details                         ;
+------------+-------+----------+---------------------------------+
; xPos[6..4] ; Input ; Info     ; Stuck at VCC                    ;
; xPos[8..7] ; Input ; Info     ; Stuck at GND                    ;
; xPos[3..1] ; Input ; Info     ; Stuck at GND                    ;
; xPos[9]    ; Input ; Info     ; Stuck at VCC                    ;
; xPos[0]    ; Input ; Info     ; Stuck at VCC                    ;
+------------+-------+----------+---------------------------------+


+-----------------------------------------------------------------+
; Port Connectivity Checks: "DrawFillBox:players[0].playerPaddle" ;
+------------+-------+----------+---------------------------------+
; Port       ; Type  ; Severity ; Details                         ;
+------------+-------+----------+---------------------------------+
; xPos[1..0] ; Input ; Info     ; Stuck at VCC                    ;
; xPos[9..4] ; Input ; Info     ; Stuck at GND                    ;
; xPos[3]    ; Input ; Info     ; Stuck at VCC                    ;
; xPos[2]    ; Input ; Info     ; Stuck at GND                    ;
+------------+-------+----------+---------------------------------+


+----------------------------------------------+
; Port Connectivity Checks: "DrawFillBox:Ball" ;
+--------+-------+----------+------------------+
; Port   ; Type  ; Severity ; Details          ;
+--------+-------+----------+------------------+
; colour ; Input ; Info     ; Stuck at VCC     ;
+--------+-------+----------+------------------+


+---------------------------------------------------+
; Port Connectivity Checks: "DrawBorder:Enviro"     ;
+-------+-------+----------+------------------------+
; Port  ; Type  ; Severity ; Details                ;
+-------+-------+----------+------------------------+
; reset ; Input ; Info     ; Explicitly unconnected ;
+-------+-------+----------+------------------------+


+-----------------------------------------------------+
; Post-Synthesis Netlist Statistics for Top Partition ;
+-----------------------+-----------------------------+
; Type                  ; Count                       ;
+-----------------------+-----------------------------+
; arriav_ff             ; 228                         ;
;     CLR               ; 8                           ;
;     ENA               ; 6                           ;
;     ENA CLR           ; 39                          ;
;     ENA SCLR          ; 10                          ;
;     SCLR              ; 126                         ;
;     plain             ; 39                          ;
; arriav_lcell_comb     ; 608                         ;
;     arith             ; 216                         ;
;         0 data inputs ; 4                           ;
;         1 data inputs ; 184                         ;
;         2 data inputs ; 28                          ;
;     extend            ; 5                           ;
;         7 data inputs ; 5                           ;
;     normal            ; 387                         ;
;         0 data inputs ; 2                           ;
;         1 data inputs ; 5                           ;
;         2 data inputs ; 14                          ;
;         3 data inputs ; 27                          ;
;         4 data inputs ; 103                         ;
;         5 data inputs ; 85                          ;
;         6 data inputs ; 151                         ;
; boundary_port         ; 75                          ;
;                       ;                             ;
; Max LUT depth         ; 7.80                        ;
; Average LUT depth     ; 3.71                        ;
+-----------------------+-----------------------------+


+-------------------------------+
; Elapsed Time Per Partition    ;
+----------------+--------------+
; Partition Name ; Elapsed Time ;
+----------------+--------------+
; Top            ; 00:00:03     ;
+----------------+--------------+


+-------------------------------+
; Analysis & Synthesis Messages ;
+-------------------------------+
Info: *******************************************************************
Info: Running Quartus II 64-Bit Analysis & Synthesis
    Info: Version 15.0.2 Build 153 07/15/2015 SJ Web Edition
    Info: Processing started: Sat May 05 01:54:47 2018
Info: Command: quartus_map --read_settings_files=on --write_settings_files=off PongGame_Board1 -c PongGame_Board1
Warning (20028): Parallel compilation is not licensed and has been disabled
Info (12021): Found 1 design units, including 1 entities, in source file othermodules/scoretoled.v
    Info (12023): Found entity 1: ScoreToLed
Info (12021): Found 1 design units, including 1 entities, in source file othermodules/hexto7seg.v
    Info (12023): Found entity 1: HexTo7Seg
Info (12021): Found 1 design units, including 1 entities, in source file othermodules/frequencydivider.v
    Info (12023): Found entity 1: FrequencyDivider
Info (12021): Found 1 design units, including 1 entities, in source file dynamicsmodules/playermovement.v
    Info (12023): Found entity 1: PlayerMovement
Info (12021): Found 1 design units, including 1 entities, in source file dynamicsmodules/gamedynamics.v
    Info (12023): Found entity 1: GameDynamics
Info (12021): Found 1 design units, including 1 entities, in source file displaymodules/winscene.v
    Info (12023): Found entity 1: WinScene
Info (12021): Found 1 design units, including 1 entities, in source file displaymodules/vga_controller.v
    Info (12023): Found entity 1: VGA_Controller
Info (12021): Found 1 design units, including 1 entities, in source file displaymodules/drawfillbox.v
    Info (12023): Found entity 1: DrawFillBox
Info (12021): Found 1 design units, including 1 entities, in source file displaymodules/drawborder.v
    Info (12023): Found entity 1: DrawBorder
Info (12021): Found 1 design units, including 1 entities, in source file ponggame_board1.sv
    Info (12023): Found entity 1: PongGame_Board1
Info (12127): Elaborating entity "PongGame_Board1" for the top level hierarchy
Info (12128): Elaborating entity "VGA_Controller" for hierarchy "VGA_Controller:display"
Warning (10230): Verilog HDL assignment warning at VGA_Controller.v(126): truncated value with size 32 to match size of target (10)
Warning (10230): Verilog HDL assignment warning at VGA_Controller.v(127): truncated value with size 32 to match size of target (10)
Info (12128): Elaborating entity "DrawBorder" for hierarchy "DrawBorder:Enviro"
Info (12128): Elaborating entity "DrawFillBox" for hierarchy "DrawFillBox:Ball"
Info (12128): Elaborating entity "GameDynamics" for hierarchy "GameDynamics:playGame"
Warning (10230): Verilog HDL assignment warning at GameDynamics.v(104): truncated value with size 32 to match size of target (10)
Warning (10230): Verilog HDL assignment warning at GameDynamics.v(130): truncated value with size 32 to match size of target (10)
Warning (10230): Verilog HDL assignment warning at GameDynamics.v(145): truncated value with size 32 to match size of target (10)
Info (12128): Elaborating entity "WinScene" for hierarchy "WinScene:gameEnd"
Info (12128): Elaborating entity "DrawFillBox" for hierarchy "DrawFillBox:players[0].playerPaddle"
Info (12128): Elaborating entity "PlayerMovement" for hierarchy "PlayerMovement:players[0].playerControl"
Warning (10230): Verilog HDL assignment warning at PlayerMovement.v(76): truncated value with size 32 to match size of target (10)
Info (12128): Elaborating entity "FrequencyDivider" for hierarchy "FrequencyDivider:theclocks[0].getTheClocks"
Info (12128): Elaborating entity "FrequencyDivider" for hierarchy "FrequencyDivider:theclocks[1].getTheClocks"
Info (12128): Elaborating entity "FrequencyDivider" for hierarchy "FrequencyDivider:theclocks[2].getTheClocks"
Info (12128): Elaborating entity "FrequencyDivider" for hierarchy "FrequencyDivider:theclocks[3].getTheClocks"
Info (12128): Elaborating entity "HexTo7Seg" for hierarchy "HexTo7Seg:player1"
Info (12128): Elaborating entity "ScoreToLed" for hierarchy "ScoreToLed:p0_scoreled"
Warning (13024): Output pins are stuck at VCC or GND
    Warning (13410): Pin "hex5[0]" is stuck at GND
    Warning (13410): Pin "hex5[1]" is stuck at GND
    Warning (13410): Pin "hex5[2]" is stuck at VCC
    Warning (13410): Pin "hex5[3]" is stuck at VCC
    Warning (13410): Pin "hex5[4]" is stuck at GND
    Warning (13410): Pin "hex5[5]" is stuck at GND
    Warning (13410): Pin "hex5[6]" is stuck at GND
    Warning (13410): Pin "hex4[0]" is stuck at VCC
    Warning (13410): Pin "hex4[1]" is stuck at GND
    Warning (13410): Pin "hex4[2]" is stuck at GND
    Warning (13410): Pin "hex4[3]" is stuck at VCC
    Warning (13410): Pin "hex4[4]" is stuck at VCC
    Warning (13410): Pin "hex4[5]" is stuck at VCC
    Warning (13410): Pin "hex4[6]" is stuck at VCC
Info (286030): Timing-Driven Synthesis is running
Info (17049): 32 registers lost all their fanouts during netlist optimizations.
Info (16010): Generating hard_block partition "hard_block:auto_generated_inst"
    Info (16011): Adding 0 node(s), including 0 DDIO, 0 PLL, 0 transceiver and 0 LCELL
Info (21057): Implemented 709 device resources after synthesis - the final resource count might be different
    Info (21058): Implemented 13 input pins
    Info (21059): Implemented 62 output pins
    Info (21061): Implemented 634 logic cells
Info: Quartus II 64-Bit Analysis & Synthesis was successful. 0 errors, 22 warnings
    Info: Peak virtual memory: 786 megabytes
    Info: Processing ended: Sat May 05 01:55:11 2018
    Info: Elapsed time: 00:00:24
    Info: Total CPU time (on all processors): 00:00:40


